<?xml version="1.0" encoding="UTF-8"?>
<!-- Generated by org.testng.reporters.JUnitReportReporter -->
<testsuite hostname="DESKTOP-H7O0QJ2" failures="0" tests="4" name="datadrivenusingexcelfile.LoginPage" time="7.051" errors="0" timestamp="2021-11-24T19:08:46 IST" skipped="0">
  <testcase classname="datadrivenusingexcelfile.LoginPage" name="loginTest" time="1.593"/>
  <system-out/>
  <testcase classname="datadrivenusingexcelfile.LoginPage" name="loginTest" time="2.393"/>
  <system-out/>
  <testcase classname="datadrivenusingexcelfile.LoginPage" name="loginTest" time="1.837"/>
  <system-out/>
  <testcase classname="datadrivenusingexcelfile.LoginPage" name="loginTest" time="1.228"/>
  <system-out/>
</testsuite> <!-- datadrivenusingexcelfile.LoginPage -->
