<?xml version="1.0" encoding="UTF-8"?>
<!-- Generated by org.testng.reporters.JUnitReportReporter -->
<testsuite hostname="DESKTOP-H7O0QJ2" failures="0" tests="4" name="datadriventesting.DataDrivenTest" time="7.795" errors="0" timestamp="2021-11-22T13:06:19 IST" skipped="0">
  <testcase classname="datadriventesting.DataDrivenTest" name="loginTest" time="4.006"/>
  <system-out/>
  <testcase classname="datadriventesting.DataDrivenTest" name="loginTest" time="1.184"/>
  <system-out/>
  <testcase classname="datadriventesting.DataDrivenTest" name="loginTest" time="1.278"/>
  <system-out/>
  <testcase classname="datadriventesting.DataDrivenTest" name="loginTest" time="1.327"/>
  <system-out/>
</testsuite> <!-- datadriventesting.DataDrivenTest -->
