<?xml version="1.0" encoding="UTF-8"?>
<!-- Generated by org.testng.reporters.JUnitReportReporter -->
<testsuite hostname="DESKTOP-H7O0QJ2" failures="0" tests="1" name="datadrivenusingforloop.LoginPage" time="0.000" errors="0" timestamp="2021-11-24T18:36:37 IST" skipped="1">
  <testcase classname="datadrivenusingforloop.LoginPage" name="loginTest" time="0.000">
    <skipped/>
  </testcase> <!-- loginTest -->
  <system-out/>
</testsuite> <!-- datadrivenusingforloop.LoginPage -->
